<?xml version="1.0" encoding="UTF-8"?>
<!-- Generated by org.testng.reporters.JUnitReportReporter -->
<testsuite hostname="Akshitha-PC" failures="0" tests="1" name="QA.Tests.ErrorValidationsTests" time="7.752" errors="0" timestamp="2024-04-03T16:33:47 EDT" skipped="0">
  <testcase classname="QA.Tests.ErrorValidationsTests" name="loginErrorValidation" time="7.752"/>
</testsuite> <!-- QA.Tests.ErrorValidationsTests -->
