<?xml version="1.0" encoding="UTF-8"?>
<!-- Generated by org.testng.reporters.JUnitReportReporter -->
<testsuite hostname="Akshitha-PC" failures="0" tests="3" name="QA.Tests.SubmitOrderTest" time="60.644" errors="0" timestamp="2024-04-03T16:30:45 EDT" skipped="0">
  <testcase classname="QA.Tests.SubmitOrderTest" name="submitOrder" time="21.205"/>
  <testcase classname="QA.Tests.SubmitOrderTest" name="orderHistoryTest" time="14.886"/>
  <testcase classname="QA.Tests.SubmitOrderTest" name="submitOrder" time="24.553"/>
</testsuite> <!-- QA.Tests.SubmitOrderTest -->
